<?xml version="1.0" encoding="utf-8" standalone="no"?>
<!--This file represents the results of running a test suite-->
<test-results name="C:\Users\ack\src\AutoTest.Net\build_outputx86\AutoTest.TestRunner\AutoTest.TestRunners.MSTest.dll" total="35" errors="0" failures="0" not-run="0" inconclusive="0" ignored="0" skipped="0" invalid="0" date="2011-02-04" time="22:47:55">
  <environment nunit-version="2.5.9.10348" clr-version="2.0.50727.4952" os-version="Microsoft Windows NT 6.1.7600.0" platform="Win32NT" cwd="C:\Users\ack\src\AutoTest.Net\build_outputx86\AutoTest.TestRunner" machine-name="SVEIN-ARNE-WIN7" user="ack" user-domain="svein-arne-win7" />
  <culture-info current-culture="nb-NO" current-uiculture="en-US" />
  <test-suite type="Test Project" name="" executed="True" result="Success" success="True" time="3.650" asserts="0">
    <results>
      <test-suite type="Assembly" name="C:\Users\ack\src\AutoTest.Net\build_outputx86\AutoTest.TestRunner\AutoTest.TestRunners.MSTest.dll" executed="False" result="NotRunnable">
        <reason>
          <message><![CDATA[Has no TestFixtures]]></message>
        </reason>
      </test-suite>
      <test-suite type="Assembly" name="C:\Users\ack\src\AutoTest.Net\build_outputx86\AutoTest.TestRunner\AutoTest.TestRunners.MSTest.Tests.dll" executed="True" result="Success" success="True" time="0.044" asserts="0">
        <results>
          <test-suite type="Namespace" name="AutoTest" executed="True" result="Success" success="True" time="0.029" asserts="0">
            <results>
              <test-suite type="Namespace" name="TestRunners" executed="True" result="Success" success="True" time="0.029" asserts="0">
                <results>
                  <test-suite type="Namespace" name="MSTest" executed="True" result="Success" success="True" time="0.029" asserts="0">
                    <results>
                      <test-suite type="Namespace" name="Tests" executed="True" result="Success" success="True" time="0.025" asserts="0">
                        <results>
                          <test-suite type="TestFixture" name="RunnerTests" executed="True" result="Success" success="True" time="0.021" asserts="0">
                            <results>
                              <test-case name="AutoTest.TestRunners.MSTest.Tests.RunnerTests.Should_run_tests" executed="True" result="Success" success="True" time="0.010" asserts="0" />
                            </results>
                          </test-suite>
                        </results>
                      </test-suite>
                    </results>
                  </test-suite>
                </results>
              </test-suite>
            </results>
          </test-suite>
        </results>
      </test-suite>
      <test-suite type="Assembly" name="C:\Users\ack\src\AutoTest.Net\build_outputx86\AutoTest.TestRunner\AutoTest.TestRunners.NUnit.dll" executed="False" result="NotRunnable">
        <reason>
          <message><![CDATA[Has no TestFixtures]]></message>
        </reason>
      </test-suite>
      <test-suite type="Assembly" name="C:\Users\ack\src\AutoTest.Net\build_outputx86\AutoTest.TestRunner\AutoTest.TestRunners.NUnit.Tests.dll" executed="True" result="Success" success="True" time="0.352" asserts="0">
        <results>
          <test-suite type="Namespace" name="AutoTest" executed="True" result="Success" success="True" time="0.334" asserts="0">
            <results>
              <test-suite type="Namespace" name="TestRunners" executed="True" result="Success" success="True" time="0.331" asserts="0">
                <results>
                  <test-suite type="Namespace" name="NUnit" executed="True" result="Success" success="True" time="0.330" asserts="0">
                    <results>
                      <test-suite type="Namespace" name="Tests" executed="True" result="Success" success="True" time="0.327" asserts="0">
                        <results>
                          <test-suite type="TestFixture" name="RunnerTests" executed="True" result="Success" success="True" time="0.325" asserts="0">
                            <results>
                              <test-case name="AutoTest.TestRunners.NUnit.Tests.RunnerTests.Should_contain_tests_for" executed="True" result="Success" success="True" time="0.198" asserts="1" />
                              <test-case name="AutoTest.TestRunners.NUnit.Tests.RunnerTests.Should_recognize_fixture" executed="True" result="Success" success="True" time="0.105" asserts="1" />
                              <test-case name="AutoTest.TestRunners.NUnit.Tests.RunnerTests.Should_recognize_inherited_fixture" executed="True" result="Success" success="True" time="0.003" asserts="1" />
                              <test-case name="AutoTest.TestRunners.NUnit.Tests.RunnerTests.Should_recognize_test" executed="True" result="Success" success="True" time="0.004" asserts="1" />
                              <test-case name="AutoTest.TestRunners.NUnit.Tests.RunnerTests.Should_recognize_testcase" executed="True" result="Success" success="True" time="0.001" asserts="1" />
                            </results>
                          </test-suite>
                        </results>
                      </test-suite>
                    </results>
                  </test-suite>
                </results>
              </test-suite>
            </results>
          </test-suite>
        </results>
      </test-suite>
      <test-suite type="Assembly" name="C:\Users\ack\src\AutoTest.Net\build_outputx86\AutoTest.TestRunner\AutoTest.TestRunners.NUnit.Tests.TestResource.dll" executed="True" result="Success" success="True" time="0.044" asserts="0">
        <results>
          <test-suite type="Namespace" name="AutoTest" executed="True" result="Success" success="True" time="0.035" asserts="0">
            <results>
              <test-suite type="Namespace" name="TestRunners" executed="True" result="Success" success="True" time="0.034" asserts="0">
                <results>
                  <test-suite type="Namespace" name="NUnit" executed="True" result="Success" success="True" time="0.032" asserts="0">
                    <results>
                      <test-suite type="Namespace" name="Tests" executed="True" result="Success" success="True" time="0.032" asserts="0">
                        <results>
                          <test-suite type="Namespace" name="TestResource" executed="True" result="Success" success="True" time="0.029" asserts="0">
                            <results>
                              <test-suite type="TestFixture" name="InheritedFixture" executed="True" result="Success" success="True" time="0.028" asserts="0">
                                <results>
                                  <test-case name="AutoTest.TestRunners.NUnit.Tests.TestResource.InheritedFixture.Should_pass" executed="True" result="Success" success="True" time="0.015" asserts="1" />
                                </results>
                              </test-suite>
                            </results>
                          </test-suite>
                        </results>
                      </test-suite>
                    </results>
                  </test-suite>
                </results>
              </test-suite>
            </results>
          </test-suite>
        </results>
      </test-suite>
      <test-suite type="Assembly" name="C:\Users\ack\src\AutoTest.Net\build_outputx86\AutoTest.TestRunner\AutoTest.TestRunners.Shared.dll" executed="False" result="NotRunnable">
        <reason>
          <message><![CDATA[Has no TestFixtures]]></message>
        </reason>
      </test-suite>
      <test-suite type="Assembly" name="C:\Users\ack\src\AutoTest.Net\build_outputx86\AutoTest.TestRunner\AutoTest.TestRunners.Tests.dll" executed="True" result="Success" success="True" time="1.630" asserts="0">
        <results>
          <test-suite type="Namespace" name="AutoTest" executed="True" result="Success" success="True" time="1.611" asserts="0">
            <results>
              <test-suite type="Namespace" name="TestRunners" executed="True" result="Success" success="True" time="1.610" asserts="0">
                <results>
                  <test-suite type="Namespace" name="Tests" executed="True" result="Success" success="True" time="1.610" asserts="0">
                    <results>
                      <test-suite type="TestFixture" name="ArgumentParserTests" executed="True" result="Success" success="True" time="0.088" asserts="0">
                        <results>
                          <test-case name="AutoTest.TestRunners.Tests.ArgumentParserTests.Should_parse_input_file" executed="True" result="Success" success="True" time="0.073" asserts="1" />
                          <test-case name="AutoTest.TestRunners.Tests.ArgumentParserTests.Should_parse_output_file" executed="True" result="Success" success="True" time="0.001" asserts="1" />
                          <test-case name="AutoTest.TestRunners.Tests.ArgumentParserTests.Should_parse_silent" executed="True" result="Success" success="True" time="0.001" asserts="1" />
                          <test-case name="AutoTest.TestRunners.Tests.ArgumentParserTests.Should_parse_start_suspended" executed="True" result="Success" success="True" time="0.001" asserts="1" />
                        </results>
                      </test-suite>
                      <test-suite type="Namespace" name="AssemblyAnalysis" executed="True" result="Success" success="True" time="0.237" asserts="0">
                        <results>
                          <test-suite type="TestFixture" name="TargetFrameworkLocatorTests" executed="True" result="Success" success="True" time="0.105" asserts="0">
                            <results>
                              <test-case name="AutoTest.TestRunners.Tests.AssemblyAnalysis.TargetFrameworkLocatorTests.Should_get_framework_version_from_assembly" executed="True" result="Success" success="True" time="0.105" asserts="1" />
                            </results>
                          </test-suite>
                          <test-suite type="TestFixture" name="TypeLocatorTests" executed="True" result="Success" success="True" time="0.130" asserts="0">
                            <results>
                              <test-case name="AutoTest.TestRunners.Tests.AssemblyAnalysis.TypeLocatorTests.Should_find_inherited_attributes" executed="True" result="Success" success="True" time="0.114" asserts="2" />
                              <test-case name="AutoTest.TestRunners.Tests.AssemblyAnalysis.TypeLocatorTests.Should_find_inherited_attributes_in_methods" executed="True" result="Success" success="True" time="0.006" asserts="2" />
                              <test-case name="AutoTest.TestRunners.Tests.AssemblyAnalysis.TypeLocatorTests.Should_find_me" executed="True" result="Success" success="True" time="0.001" asserts="4" />
                              <test-case name="AutoTest.TestRunners.Tests.AssemblyAnalysis.TypeLocatorTests.Should_find_my_parent" executed="True" result="Success" success="True" time="0.007" asserts="4" />
                            </results>
                          </test-suite>
                        </results>
                      </test-suite>
                      <test-suite type="Namespace" name="CmdArguments" executed="True" result="Success" success="True" time="0.064" asserts="0">
                        <results>
                          <test-suite type="TestFixture" name="OptionsParserTests" executed="True" result="Success" success="True" time="0.064" asserts="0">
                            <results>
                              <test-case name="AutoTest.TestRunners.Tests.CmdArguments.OptionsParserTests.Should_get_assemblies" executed="True" result="Success" success="True" time="0.035" asserts="5" />
                              <test-case name="AutoTest.TestRunners.Tests.CmdArguments.OptionsParserTests.Should_get_categories" executed="True" result="Success" success="True" time="0.004" asserts="3" />
                              <test-case name="AutoTest.TestRunners.Tests.CmdArguments.OptionsParserTests.Should_get_members" executed="True" result="Success" success="True" time="0.001" asserts="3" />
                              <test-case name="AutoTest.TestRunners.Tests.CmdArguments.OptionsParserTests.Should_get_namespaces" executed="True" result="Success" success="True" time="0.004" asserts="3" />
                              <test-case name="AutoTest.TestRunners.Tests.CmdArguments.OptionsParserTests.Should_get_plugins" executed="True" result="Success" success="True" time="0.001" asserts="5" />
                              <test-case name="AutoTest.TestRunners.Tests.CmdArguments.OptionsParserTests.Should_get_runners" executed="True" result="Success" success="True" time="0.003" asserts="3" />
                              <test-case name="AutoTest.TestRunners.Tests.CmdArguments.OptionsParserTests.Should_get_tests" executed="True" result="Success" success="True" time="0.001" asserts="3" />
                              <test-case name="AutoTest.TestRunners.Tests.CmdArguments.OptionsParserTests.When_file_does_not_exist_options_should_be_null" executed="True" result="Success" success="True" time="0.003" asserts="1" />
                              <test-case name="AutoTest.TestRunners.Tests.CmdArguments.OptionsParserTests.When_file_does_not_exist_plugins_should_be_null" executed="True" result="Success" success="True" time="0.001" asserts="2" />
                              <test-case name="AutoTest.TestRunners.Tests.CmdArguments.OptionsParserTests.When_parse_is_successful_it_should_be_set_as_valid" executed="True" result="Success" success="True" time="0.001" asserts="1" />
                            </results>
                          </test-suite>
                        </results>
                      </test-suite>
                      <test-suite type="TestFixture" name="OptionsXmlWriterTests" executed="True" result="Success" success="True" time="0.054" asserts="0">
                        <results>
                          <test-case name="AutoTest.TestRunners.Tests.OptionsXmlWriterTests.Should_produce_xml" executed="True" result="Success" success="True" time="0.054" asserts="1" />
                        </results>
                      </test-suite>
                      <test-suite type="TestFixture" name="PluginLocatorTests" executed="True" result="Success" success="True" time="0.773" asserts="0">
                        <results>
                          <test-case name="AutoTest.TestRunners.Tests.PluginLocatorTests.Should_create_instance" executed="True" result="Success" success="True" time="0.554" asserts="1" />
                          <test-case name="AutoTest.TestRunners.Tests.PluginLocatorTests.Should_locate_plugins" executed="True" result="Success" success="True" time="0.220" asserts="3" />
                        </results>
                      </test-suite>
                      <test-suite type="Namespace" name="Results" executed="True" result="Success" success="True" time="0.057" asserts="0">
                        <results>
                          <test-suite type="TestFixture" name="ResultXmlReaderTests" executed="True" result="Success" success="True" time="0.018" asserts="0">
                            <results>
                              <test-case name="AutoTest.TestRunners.Tests.Results.ResultXmlReaderTests.Should_read_xml" executed="True" result="Success" success="True" time="0.018" asserts="20" />
                            </results>
                          </test-suite>
                          <test-suite type="TestFixture" name="ResultXmlWeiterTest" executed="True" result="Success" success="True" time="0.035" asserts="0">
                            <results>
                              <test-case name="AutoTest.TestRunners.Tests.Results.ResultXmlWeiterTest.Should_write_result" executed="True" result="Success" success="True" time="0.035" asserts="1" />
                            </results>
                          </test-suite>
                        </results>
                      </test-suite>
                      <test-suite type="Namespace" name="Targeting" executed="True" result="Success" success="True" time="0.315" asserts="0">
                        <results>
                          <test-suite type="TestFixture" name="TargetedRunAssemblerTests" executed="True" result="Success" success="True" time="0.315" asserts="0">
                            <results>
                              <test-case name="AutoTest.TestRunners.Tests.Targeting.TargetedRunAssemblerTests.Should_group_by_assembly" executed="True" result="Success" success="True" time="0.313" asserts="22" />
                            </results>
                          </test-suite>
                        </results>
                      </test-suite>
                      <test-suite type="TestFixture" name="TestRunProcessTests" executed="True" result="Inconclusive" success="False" time="0.000" asserts="0" />
                    </results>
                  </test-suite>
                </results>
              </test-suite>
            </results>
          </test-suite>
        </results>
      </test-suite>
      <test-suite type="Assembly" name="C:\Users\ack\src\AutoTest.Net\build_outputx86\AutoTest.TestRunner\AutoTest.TestRunners.XUnit.dll" executed="False" result="NotRunnable">
        <reason>
          <message><![CDATA[Has no TestFixtures]]></message>
        </reason>
      </test-suite>
      <test-suite type="Assembly" name="C:\Users\ack\src\AutoTest.Net\build_outputx86\AutoTest.TestRunner\AutoTest.TestRunners.XUnit.Tests.dll" executed="True" result="Success" success="True" time="0.374" asserts="0">
        <results>
          <test-suite type="Namespace" name="AutoTest" executed="True" result="Success" success="True" time="0.360" asserts="0">
            <results>
              <test-suite type="Namespace" name="TestRunners" executed="True" result="Success" success="True" time="0.360" asserts="0">
                <results>
                  <test-suite type="Namespace" name="XUnit" executed="True" result="Success" success="True" time="0.360" asserts="0">
                    <results>
                      <test-suite type="Namespace" name="Tests" executed="True" result="Success" success="True" time="0.359" asserts="0">
                        <results>
                          <test-suite type="TestFixture" name="RunnerTests" executed="True" result="Success" success="True" time="0.357" asserts="0">
                            <results>
                              <test-case name="AutoTest.TestRunners.XUnit.Tests.RunnerTests.Should_contain_tests_for" executed="True" result="Success" success="True" time="0.217" asserts="1" />
                              <test-case name="AutoTest.TestRunners.XUnit.Tests.RunnerTests.Should_identify_test" executed="True" result="Success" success="True" time="0.088" asserts="1" />
                              <test-case name="AutoTest.TestRunners.XUnit.Tests.RunnerTests.Should_identify_test_container" executed="True" result="Success" success="True" time="0.038" asserts="1" />
                            </results>
                          </test-suite>
                        </results>
                      </test-suite>
                    </results>
                  </test-suite>
                </results>
              </test-suite>
            </results>
          </test-suite>
        </results>
      </test-suite>
      <test-suite type="Assembly" name="C:\Users\ack\src\AutoTest.Net\build_outputx86\AutoTest.TestRunner\AutoTest.TestRunners.XUnit.Tests.TestResource.dll" executed="False" result="NotRunnable">
        <reason>
          <message><![CDATA[Has no TestFixtures]]></message>
        </reason>
      </test-suite>
    </results>
  </test-suite>
</test-results>